<?xml version="1.0" encoding="UTF-8"?>
<testsuite name="chess.BoardTest" tests="2" skipped="0" failures="0" errors="0" timestamp="2025-03-05T08:06:30" hostname="DESKTOP-27SP56P" time="0.016">
  <properties/>
  <testcase name="create()" classname="chess.BoardTest" time="0.013"/>
  <testcase name="createAnother()" classname="chess.BoardTest" time="0.002"/>
  <system-out><![CDATA[]]></system-out>
  <system-err><![CDATA[]]></system-err>
</testsuite>
